#-----------------------------------------------------------
# Vivado v2014.4 (64-bit)
# SW Build 1071353 on Tue Nov 18 16:47:07 MST 2014
# IP Build 1070531 on Tue Nov 18 01:10:18 MST 2014
# Start of session at: Fri Aug 21 16:56:41 2015
# Process ID: 29290
# Log file: /home/jackh/github/herafengine/fft_2048ch_6a_core/vivado.log
# Journal file: /home/jackh/github/herafengine/fft_2048ch_6a_core/vivado.jou
#-----------------------------------------------------------
source ProjectGeneration.tcl -notrace
WARNING: [Coretcl 2-176] No IPs found
INFO: [IP_Flow 19-234] Refreshing IP repositories
INFO: [IP_Flow 19-1704] No user IP repositories specified
INFO: [IP_Flow 19-2313] Loaded Vivado IP repository '/opt/Xilinx/Vivado/2014.4/data/ip'.
WARNING: [Vivado 12-3523] Attempt to change 'Component_Name' from 'fft_2048ch_6a_core_c_counter_binary_v12_0_0' to 'fft_2048ch_6a_core_c_counter_binary_v12_0_0' is not allowed and is ignored.
WARNING: [Vivado 12-3523] Attempt to change 'Component_Name' from 'fft_2048ch_6a_core_c_counter_binary_v12_0_1' to 'fft_2048ch_6a_core_c_counter_binary_v12_0_1' is not allowed and is ignored.
WARNING: [Vivado 12-3523] Attempt to change 'Component_Name' from 'fft_2048ch_6a_core_blk_mem_gen_v8_2_0' to 'fft_2048ch_6a_core_blk_mem_gen_v8_2_0' is not allowed and is ignored.
WARNING: [Vivado 12-3523] Attempt to change 'Component_Name' from 'fft_2048ch_6a_core_c_addsub_v12_0_0' to 'fft_2048ch_6a_core_c_addsub_v12_0_0' is not allowed and is ignored.
WARNING: [IP_Flow 19-3374] An attempt to modify the value of disabled parameter 'B_Value' from '0000000000000000000' to '0' has been ignored for IP 'fft_2048ch_6a_core_c_addsub_v12_0_0'
WARNING: [IP_Flow 19-3374] An attempt to modify the value of disabled parameter 'Bypass_Sense' from 'Active_High' to 'Active_Low' has been ignored for IP 'fft_2048ch_6a_core_c_addsub_v12_0_0'
WARNING: [IP_Flow 19-3374] An attempt to modify the value of disabled parameter 'Bypass_CE_Priority' from 'CE_Overrides_Bypass' to 'Bypass_Overrides_CE' has been ignored for IP 'fft_2048ch_6a_core_c_addsub_v12_0_0'
WARNING: [Vivado 12-3523] Attempt to change 'Component_Name' from 'fft_2048ch_6a_core_c_addsub_v12_0_1' to 'fft_2048ch_6a_core_c_addsub_v12_0_1' is not allowed and is ignored.
WARNING: [IP_Flow 19-3374] An attempt to modify the value of disabled parameter 'B_Value' from '000000000000000000000' to '0' has been ignored for IP 'fft_2048ch_6a_core_c_addsub_v12_0_1'
WARNING: [IP_Flow 19-3374] An attempt to modify the value of disabled parameter 'Bypass_Sense' from 'Active_High' to 'Active_Low' has been ignored for IP 'fft_2048ch_6a_core_c_addsub_v12_0_1'
WARNING: [IP_Flow 19-3374] An attempt to modify the value of disabled parameter 'Bypass_CE_Priority' from 'CE_Overrides_Bypass' to 'Bypass_Overrides_CE' has been ignored for IP 'fft_2048ch_6a_core_c_addsub_v12_0_1'
WARNING: [Vivado 12-3523] Attempt to change 'Component_Name' from 'fft_2048ch_6a_core_c_addsub_v12_0_2' to 'fft_2048ch_6a_core_c_addsub_v12_0_2' is not allowed and is ignored.
WARNING: [IP_Flow 19-3374] An attempt to modify the value of disabled parameter 'B_Value' from '0000000000000000000' to '0' has been ignored for IP 'fft_2048ch_6a_core_c_addsub_v12_0_2'
WARNING: [IP_Flow 19-3374] An attempt to modify the value of disabled parameter 'Bypass_Sense' from 'Active_High' to 'Active_Low' has been ignored for IP 'fft_2048ch_6a_core_c_addsub_v12_0_2'
WARNING: [IP_Flow 19-3374] An attempt to modify the value of disabled parameter 'Bypass_CE_Priority' from 'CE_Overrides_Bypass' to 'Bypass_Overrides_CE' has been ignored for IP 'fft_2048ch_6a_core_c_addsub_v12_0_2'
WARNING: [Vivado 12-3523] Attempt to change 'Component_Name' from 'fft_2048ch_6a_core_blk_mem_gen_v8_2_1' to 'fft_2048ch_6a_core_blk_mem_gen_v8_2_1' is not allowed and is ignored.
WARNING: [Vivado 12-3523] Attempt to change 'Component_Name' from 'fft_2048ch_6a_core_blk_mem_gen_v8_2_2' to 'fft_2048ch_6a_core_blk_mem_gen_v8_2_2' is not allowed and is ignored.
WARNING: [Vivado 12-3523] Attempt to change 'Component_Name' from 'fft_2048ch_6a_core_c_counter_binary_v12_0_2' to 'fft_2048ch_6a_core_c_counter_binary_v12_0_2' is not allowed and is ignored.
WARNING: [Vivado 12-3523] Attempt to change 'Component_Name' from 'fft_2048ch_6a_core_blk_mem_gen_v8_2_3' to 'fft_2048ch_6a_core_blk_mem_gen_v8_2_3' is not allowed and is ignored.
WARNING: [Vivado 12-3523] Attempt to change 'Component_Name' from 'fft_2048ch_6a_core_blk_mem_gen_v8_2_4' to 'fft_2048ch_6a_core_blk_mem_gen_v8_2_4' is not allowed and is ignored.
WARNING: [Vivado 12-3523] Attempt to change 'Component_Name' from 'fft_2048ch_6a_core_c_addsub_v12_0_3' to 'fft_2048ch_6a_core_c_addsub_v12_0_3' is not allowed and is ignored.
WARNING: [IP_Flow 19-3374] An attempt to modify the value of disabled parameter 'B_Value' from '0000000000000000000000' to '0' has been ignored for IP 'fft_2048ch_6a_core_c_addsub_v12_0_3'
WARNING: [IP_Flow 19-3374] An attempt to modify the value of disabled parameter 'Bypass_Sense' from 'Active_High' to 'Active_Low' has been ignored for IP 'fft_2048ch_6a_core_c_addsub_v12_0_3'
WARNING: [IP_Flow 19-3374] An attempt to modify the value of disabled parameter 'Bypass_CE_Priority' from 'CE_Overrides_Bypass' to 'Bypass_Overrides_CE' has been ignored for IP 'fft_2048ch_6a_core_c_addsub_v12_0_3'
WARNING: [Vivado 12-3523] Attempt to change 'Component_Name' from 'fft_2048ch_6a_core_c_addsub_v12_0_4' to 'fft_2048ch_6a_core_c_addsub_v12_0_4' is not allowed and is ignored.
WARNING: [IP_Flow 19-3374] An attempt to modify the value of disabled parameter 'B_Value' from '000000000000000000000' to '0' has been ignored for IP 'fft_2048ch_6a_core_c_addsub_v12_0_4'
WARNING: [IP_Flow 19-3374] An attempt to modify the value of disabled parameter 'Bypass_Sense' from 'Active_High' to 'Active_Low' has been ignored for IP 'fft_2048ch_6a_core_c_addsub_v12_0_4'
WARNING: [IP_Flow 19-3374] An attempt to modify the value of disabled parameter 'Bypass_CE_Priority' from 'CE_Overrides_Bypass' to 'Bypass_Overrides_CE' has been ignored for IP 'fft_2048ch_6a_core_c_addsub_v12_0_4'
WARNING: [Vivado 12-3523] Attempt to change 'Component_Name' from 'fft_2048ch_6a_core_c_counter_binary_v12_0_3' to 'fft_2048ch_6a_core_c_counter_binary_v12_0_3' is not allowed and is ignored.
WARNING: [Vivado 12-3523] Attempt to change 'Component_Name' from 'fft_2048ch_6a_core_c_addsub_v12_0_5' to 'fft_2048ch_6a_core_c_addsub_v12_0_5' is not allowed and is ignored.
WARNING: [IP_Flow 19-3374] An attempt to modify the value of disabled parameter 'B_Value' from '00000000000000000000000' to '0' has been ignored for IP 'fft_2048ch_6a_core_c_addsub_v12_0_5'
WARNING: [IP_Flow 19-3374] An attempt to modify the value of disabled parameter 'Bypass_Sense' from 'Active_High' to 'Active_Low' has been ignored for IP 'fft_2048ch_6a_core_c_addsub_v12_0_5'
WARNING: [IP_Flow 19-3374] An attempt to modify the value of disabled parameter 'Bypass_CE_Priority' from 'CE_Overrides_Bypass' to 'Bypass_Overrides_CE' has been ignored for IP 'fft_2048ch_6a_core_c_addsub_v12_0_5'
WARNING: [Vivado 12-3523] Attempt to change 'Component_Name' from 'fft_2048ch_6a_core_c_addsub_v12_0_6' to 'fft_2048ch_6a_core_c_addsub_v12_0_6' is not allowed and is ignored.
WARNING: [IP_Flow 19-3374] An attempt to modify the value of disabled parameter 'B_Value' from '0000000000000000000000' to '0' has been ignored for IP 'fft_2048ch_6a_core_c_addsub_v12_0_6'
WARNING: [IP_Flow 19-3374] An attempt to modify the value of disabled parameter 'Bypass_Sense' from 'Active_High' to 'Active_Low' has been ignored for IP 'fft_2048ch_6a_core_c_addsub_v12_0_6'
WARNING: [IP_Flow 19-3374] An attempt to modify the value of disabled parameter 'Bypass_CE_Priority' from 'CE_Overrides_Bypass' to 'Bypass_Overrides_CE' has been ignored for IP 'fft_2048ch_6a_core_c_addsub_v12_0_6'
WARNING: [Vivado 12-3523] Attempt to change 'Component_Name' from 'fft_2048ch_6a_core_c_addsub_v12_0_7' to 'fft_2048ch_6a_core_c_addsub_v12_0_7' is not allowed and is ignored.
WARNING: [IP_Flow 19-3374] An attempt to modify the value of disabled parameter 'B_Value' from '000000000000000000000000000000000000000' to '0' has been ignored for IP 'fft_2048ch_6a_core_c_addsub_v12_0_7'
WARNING: [IP_Flow 19-3374] An attempt to modify the value of disabled parameter 'Bypass_Sense' from 'Active_High' to 'Active_Low' has been ignored for IP 'fft_2048ch_6a_core_c_addsub_v12_0_7'
WARNING: [IP_Flow 19-3374] An attempt to modify the value of disabled parameter 'Bypass_CE_Priority' from 'CE_Overrides_Bypass' to 'Bypass_Overrides_CE' has been ignored for IP 'fft_2048ch_6a_core_c_addsub_v12_0_7'
WARNING: [Vivado 12-3523] Attempt to change 'Component_Name' from 'fft_2048ch_6a_core_blk_mem_gen_v8_2_5' to 'fft_2048ch_6a_core_blk_mem_gen_v8_2_5' is not allowed and is ignored.
WARNING: [Vivado 12-3523] Attempt to change 'Component_Name' from 'fft_2048ch_6a_core_c_counter_binary_v12_0_4' to 'fft_2048ch_6a_core_c_counter_binary_v12_0_4' is not allowed and is ignored.
WARNING: [Vivado 12-3523] Attempt to change 'Component_Name' from 'fft_2048ch_6a_core_blk_mem_gen_v8_2_6' to 'fft_2048ch_6a_core_blk_mem_gen_v8_2_6' is not allowed and is ignored.
WARNING: [Vivado 12-3523] Attempt to change 'Component_Name' from 'fft_2048ch_6a_core_c_counter_binary_v12_0_5' to 'fft_2048ch_6a_core_c_counter_binary_v12_0_5' is not allowed and is ignored.
WARNING: [Vivado 12-3523] Attempt to change 'Component_Name' from 'fft_2048ch_6a_core_blk_mem_gen_v8_2_7' to 'fft_2048ch_6a_core_blk_mem_gen_v8_2_7' is not allowed and is ignored.
WARNING: [Vivado 12-3523] Attempt to change 'Component_Name' from 'fft_2048ch_6a_core_c_counter_binary_v12_0_6' to 'fft_2048ch_6a_core_c_counter_binary_v12_0_6' is not allowed and is ignored.
WARNING: [Vivado 12-3523] Attempt to change 'Component_Name' from 'fft_2048ch_6a_core_c_counter_binary_v12_0_7' to 'fft_2048ch_6a_core_c_counter_binary_v12_0_7' is not allowed and is ignored.
WARNING: [Vivado 12-3523] Attempt to change 'Component_Name' from 'fft_2048ch_6a_core_dist_mem_gen_v8_0_0' to 'fft_2048ch_6a_core_dist_mem_gen_v8_0_0' is not allowed and is ignored.
WARNING: [IP_Flow 19-3374] An attempt to modify the value of disabled parameter 'ce_overrides' from 'ce_overrides_sync_controls' to 'sync_controls_overrides_ce' has been ignored for IP 'fft_2048ch_6a_core_dist_mem_gen_v8_0_0'
WARNING: [Vivado 12-3523] Attempt to change 'Component_Name' from 'fft_2048ch_6a_core_blk_mem_gen_v8_2_8' to 'fft_2048ch_6a_core_blk_mem_gen_v8_2_8' is not allowed and is ignored.
WARNING: [Vivado 12-3523] Attempt to change 'Component_Name' from 'fft_2048ch_6a_core_c_counter_binary_v12_0_8' to 'fft_2048ch_6a_core_c_counter_binary_v12_0_8' is not allowed and is ignored.
WARNING: [Vivado 12-3523] Attempt to change 'Component_Name' from 'fft_2048ch_6a_core_c_counter_binary_v12_0_9' to 'fft_2048ch_6a_core_c_counter_binary_v12_0_9' is not allowed and is ignored.
WARNING: [Vivado 12-3523] Attempt to change 'Component_Name' from 'fft_2048ch_6a_core_dist_mem_gen_v8_0_1' to 'fft_2048ch_6a_core_dist_mem_gen_v8_0_1' is not allowed and is ignored.
WARNING: [IP_Flow 19-3374] An attempt to modify the value of disabled parameter 'ce_overrides' from 'ce_overrides_sync_controls' to 'sync_controls_overrides_ce' has been ignored for IP 'fft_2048ch_6a_core_dist_mem_gen_v8_0_1'
WARNING: [Vivado 12-3523] Attempt to change 'Component_Name' from 'fft_2048ch_6a_core_blk_mem_gen_v8_2_9' to 'fft_2048ch_6a_core_blk_mem_gen_v8_2_9' is not allowed and is ignored.
WARNING: [Vivado 12-3523] Attempt to change 'Component_Name' from 'fft_2048ch_6a_core_c_counter_binary_v12_0_10' to 'fft_2048ch_6a_core_c_counter_binary_v12_0_10' is not allowed and is ignored.
WARNING: [Vivado 12-3523] Attempt to change 'Component_Name' from 'fft_2048ch_6a_core_c_counter_binary_v12_0_11' to 'fft_2048ch_6a_core_c_counter_binary_v12_0_11' is not allowed and is ignored.
WARNING: [Vivado 12-3523] Attempt to change 'Component_Name' from 'fft_2048ch_6a_core_dist_mem_gen_v8_0_2' to 'fft_2048ch_6a_core_dist_mem_gen_v8_0_2' is not allowed and is ignored.
WARNING: [IP_Flow 19-3374] An attempt to modify the value of disabled parameter 'ce_overrides' from 'ce_overrides_sync_controls' to 'sync_controls_overrides_ce' has been ignored for IP 'fft_2048ch_6a_core_dist_mem_gen_v8_0_2'
WARNING: [Vivado 12-3523] Attempt to change 'Component_Name' from 'fft_2048ch_6a_core_blk_mem_gen_v8_2_10' to 'fft_2048ch_6a_core_blk_mem_gen_v8_2_10' is not allowed and is ignored.
WARNING: [Vivado 12-3523] Attempt to change 'Component_Name' from 'fft_2048ch_6a_core_c_counter_binary_v12_0_12' to 'fft_2048ch_6a_core_c_counter_binary_v12_0_12' is not allowed and is ignored.
WARNING: [Vivado 12-3523] Attempt to change 'Component_Name' from 'fft_2048ch_6a_core_c_counter_binary_v12_0_13' to 'fft_2048ch_6a_core_c_counter_binary_v12_0_13' is not allowed and is ignored.
WARNING: [Vivado 12-3523] Attempt to change 'Component_Name' from 'fft_2048ch_6a_core_blk_mem_gen_v8_2_11' to 'fft_2048ch_6a_core_blk_mem_gen_v8_2_11' is not allowed and is ignored.
WARNING: [Vivado 12-3523] Attempt to change 'Component_Name' from 'fft_2048ch_6a_core_blk_mem_gen_v8_2_12' to 'fft_2048ch_6a_core_blk_mem_gen_v8_2_12' is not allowed and is ignored.
WARNING: [Vivado 12-3523] Attempt to change 'Component_Name' from 'fft_2048ch_6a_core_c_counter_binary_v12_0_14' to 'fft_2048ch_6a_core_c_counter_binary_v12_0_14' is not allowed and is ignored.
WARNING: [Vivado 12-3523] Attempt to change 'Component_Name' from 'fft_2048ch_6a_core_c_counter_binary_v12_0_15' to 'fft_2048ch_6a_core_c_counter_binary_v12_0_15' is not allowed and is ignored.
WARNING: [Vivado 12-3523] Attempt to change 'Component_Name' from 'fft_2048ch_6a_core_blk_mem_gen_v8_2_13' to 'fft_2048ch_6a_core_blk_mem_gen_v8_2_13' is not allowed and is ignored.
WARNING: [Vivado 12-3523] Attempt to change 'Component_Name' from 'fft_2048ch_6a_core_blk_mem_gen_v8_2_14' to 'fft_2048ch_6a_core_blk_mem_gen_v8_2_14' is not allowed and is ignored.
WARNING: [Vivado 12-3523] Attempt to change 'Component_Name' from 'fft_2048ch_6a_core_c_counter_binary_v12_0_16' to 'fft_2048ch_6a_core_c_counter_binary_v12_0_16' is not allowed and is ignored.
WARNING: [Vivado 12-3523] Attempt to change 'Component_Name' from 'fft_2048ch_6a_core_c_counter_binary_v12_0_17' to 'fft_2048ch_6a_core_c_counter_binary_v12_0_17' is not allowed and is ignored.
WARNING: [Vivado 12-3523] Attempt to change 'Component_Name' from 'fft_2048ch_6a_core_blk_mem_gen_v8_2_15' to 'fft_2048ch_6a_core_blk_mem_gen_v8_2_15' is not allowed and is ignored.
WARNING: [Vivado 12-3523] Attempt to change 'Component_Name' from 'fft_2048ch_6a_core_blk_mem_gen_v8_2_16' to 'fft_2048ch_6a_core_blk_mem_gen_v8_2_16' is not allowed and is ignored.
WARNING: [Vivado 12-3523] Attempt to change 'Component_Name' from 'fft_2048ch_6a_core_c_counter_binary_v12_0_18' to 'fft_2048ch_6a_core_c_counter_binary_v12_0_18' is not allowed and is ignored.
WARNING: [Vivado 12-3523] Attempt to change 'Component_Name' from 'fft_2048ch_6a_core_blk_mem_gen_v8_2_17' to 'fft_2048ch_6a_core_blk_mem_gen_v8_2_17' is not allowed and is ignored.
WARNING: [Vivado 12-3523] Attempt to change 'Component_Name' from 'fft_2048ch_6a_core_c_counter_binary_v12_0_19' to 'fft_2048ch_6a_core_c_counter_binary_v12_0_19' is not allowed and is ignored.
WARNING: [Vivado 12-3523] Attempt to change 'Component_Name' from 'fft_2048ch_6a_core_blk_mem_gen_v8_2_18' to 'fft_2048ch_6a_core_blk_mem_gen_v8_2_18' is not allowed and is ignored.
IP Repository Located at : /opt/Xilinx/Vivado/2014.4/data/ip
Scanning sources...
Finished scanning sources
INFO: [IP_Flow 19-234] Refreshing IP repositories
INFO: [IP_Flow 19-1704] No user IP repositories specified
INFO: [IP_Flow 19-2313] Loaded Vivado IP repository '/opt/Xilinx/Vivado/2014.4/data/ip'.
Adding File /home/jackh/github/herafengine/fft_2048ch_6a_core/ip_catalog/fft_2048ch_6a_core.srcs/sources_1/ip/fft_2048ch_6a_core_blk_mem_gen_v8_2_0/fft_2048ch_6a_core_blk_mem_gen_v8_2_0.xci
Adding File /home/jackh/github/herafengine/fft_2048ch_6a_core/ip_catalog/fft_2048ch_6a_core.srcs/sources_1/ip/fft_2048ch_6a_core_blk_mem_gen_v8_2_1/fft_2048ch_6a_core_blk_mem_gen_v8_2_1.xci
Adding File /home/jackh/github/herafengine/fft_2048ch_6a_core/ip_catalog/fft_2048ch_6a_core.srcs/sources_1/ip/fft_2048ch_6a_core_blk_mem_gen_v8_2_10/fft_2048ch_6a_core_blk_mem_gen_v8_2_10.xci
Adding File /home/jackh/github/herafengine/fft_2048ch_6a_core/ip_catalog/fft_2048ch_6a_core.srcs/sources_1/ip/fft_2048ch_6a_core_blk_mem_gen_v8_2_11/fft_2048ch_6a_core_blk_mem_gen_v8_2_11.xci
Adding File /home/jackh/github/herafengine/fft_2048ch_6a_core/ip_catalog/fft_2048ch_6a_core.srcs/sources_1/ip/fft_2048ch_6a_core_blk_mem_gen_v8_2_12/fft_2048ch_6a_core_blk_mem_gen_v8_2_12.xci
Adding File /home/jackh/github/herafengine/fft_2048ch_6a_core/ip_catalog/fft_2048ch_6a_core.srcs/sources_1/ip/fft_2048ch_6a_core_blk_mem_gen_v8_2_13/fft_2048ch_6a_core_blk_mem_gen_v8_2_13.xci
Adding File /home/jackh/github/herafengine/fft_2048ch_6a_core/ip_catalog/fft_2048ch_6a_core.srcs/sources_1/ip/fft_2048ch_6a_core_blk_mem_gen_v8_2_14/fft_2048ch_6a_core_blk_mem_gen_v8_2_14.xci
Adding File /home/jackh/github/herafengine/fft_2048ch_6a_core/ip_catalog/fft_2048ch_6a_core.srcs/sources_1/ip/fft_2048ch_6a_core_blk_mem_gen_v8_2_15/fft_2048ch_6a_core_blk_mem_gen_v8_2_15.xci
Adding File /home/jackh/github/herafengine/fft_2048ch_6a_core/ip_catalog/fft_2048ch_6a_core.srcs/sources_1/ip/fft_2048ch_6a_core_blk_mem_gen_v8_2_16/fft_2048ch_6a_core_blk_mem_gen_v8_2_16.xci
Adding File /home/jackh/github/herafengine/fft_2048ch_6a_core/ip_catalog/fft_2048ch_6a_core.srcs/sources_1/ip/fft_2048ch_6a_core_blk_mem_gen_v8_2_17/fft_2048ch_6a_core_blk_mem_gen_v8_2_17.xci
Adding File /home/jackh/github/herafengine/fft_2048ch_6a_core/ip_catalog/fft_2048ch_6a_core.srcs/sources_1/ip/fft_2048ch_6a_core_blk_mem_gen_v8_2_18/fft_2048ch_6a_core_blk_mem_gen_v8_2_18.xci
Adding File /home/jackh/github/herafengine/fft_2048ch_6a_core/ip_catalog/fft_2048ch_6a_core.srcs/sources_1/ip/fft_2048ch_6a_core_blk_mem_gen_v8_2_2/fft_2048ch_6a_core_blk_mem_gen_v8_2_2.xci
Adding File /home/jackh/github/herafengine/fft_2048ch_6a_core/ip_catalog/fft_2048ch_6a_core.srcs/sources_1/ip/fft_2048ch_6a_core_blk_mem_gen_v8_2_3/fft_2048ch_6a_core_blk_mem_gen_v8_2_3.xci
Adding File /home/jackh/github/herafengine/fft_2048ch_6a_core/ip_catalog/fft_2048ch_6a_core.srcs/sources_1/ip/fft_2048ch_6a_core_blk_mem_gen_v8_2_4/fft_2048ch_6a_core_blk_mem_gen_v8_2_4.xci
Adding File /home/jackh/github/herafengine/fft_2048ch_6a_core/ip_catalog/fft_2048ch_6a_core.srcs/sources_1/ip/fft_2048ch_6a_core_blk_mem_gen_v8_2_5/fft_2048ch_6a_core_blk_mem_gen_v8_2_5.xci
Adding File /home/jackh/github/herafengine/fft_2048ch_6a_core/ip_catalog/fft_2048ch_6a_core.srcs/sources_1/ip/fft_2048ch_6a_core_blk_mem_gen_v8_2_6/fft_2048ch_6a_core_blk_mem_gen_v8_2_6.xci
Adding File /home/jackh/github/herafengine/fft_2048ch_6a_core/ip_catalog/fft_2048ch_6a_core.srcs/sources_1/ip/fft_2048ch_6a_core_blk_mem_gen_v8_2_7/fft_2048ch_6a_core_blk_mem_gen_v8_2_7.xci
Adding File /home/jackh/github/herafengine/fft_2048ch_6a_core/ip_catalog/fft_2048ch_6a_core.srcs/sources_1/ip/fft_2048ch_6a_core_blk_mem_gen_v8_2_8/fft_2048ch_6a_core_blk_mem_gen_v8_2_8.xci
Adding File /home/jackh/github/herafengine/fft_2048ch_6a_core/ip_catalog/fft_2048ch_6a_core.srcs/sources_1/ip/fft_2048ch_6a_core_blk_mem_gen_v8_2_9/fft_2048ch_6a_core_blk_mem_gen_v8_2_9.xci
Adding File /home/jackh/github/herafengine/fft_2048ch_6a_core/ip_catalog/fft_2048ch_6a_core.srcs/sources_1/ip/fft_2048ch_6a_core_c_addsub_v12_0_0/fft_2048ch_6a_core_c_addsub_v12_0_0.xci
Adding File /home/jackh/github/herafengine/fft_2048ch_6a_core/ip_catalog/fft_2048ch_6a_core.srcs/sources_1/ip/fft_2048ch_6a_core_c_addsub_v12_0_1/fft_2048ch_6a_core_c_addsub_v12_0_1.xci
Adding File /home/jackh/github/herafengine/fft_2048ch_6a_core/ip_catalog/fft_2048ch_6a_core.srcs/sources_1/ip/fft_2048ch_6a_core_c_addsub_v12_0_2/fft_2048ch_6a_core_c_addsub_v12_0_2.xci
Adding File /home/jackh/github/herafengine/fft_2048ch_6a_core/ip_catalog/fft_2048ch_6a_core.srcs/sources_1/ip/fft_2048ch_6a_core_c_addsub_v12_0_3/fft_2048ch_6a_core_c_addsub_v12_0_3.xci
Adding File /home/jackh/github/herafengine/fft_2048ch_6a_core/ip_catalog/fft_2048ch_6a_core.srcs/sources_1/ip/fft_2048ch_6a_core_c_addsub_v12_0_4/fft_2048ch_6a_core_c_addsub_v12_0_4.xci
Adding File /home/jackh/github/herafengine/fft_2048ch_6a_core/ip_catalog/fft_2048ch_6a_core.srcs/sources_1/ip/fft_2048ch_6a_core_c_addsub_v12_0_5/fft_2048ch_6a_core_c_addsub_v12_0_5.xci
Adding File /home/jackh/github/herafengine/fft_2048ch_6a_core/ip_catalog/fft_2048ch_6a_core.srcs/sources_1/ip/fft_2048ch_6a_core_c_addsub_v12_0_6/fft_2048ch_6a_core_c_addsub_v12_0_6.xci
Adding File /home/jackh/github/herafengine/fft_2048ch_6a_core/ip_catalog/fft_2048ch_6a_core.srcs/sources_1/ip/fft_2048ch_6a_core_c_addsub_v12_0_7/fft_2048ch_6a_core_c_addsub_v12_0_7.xci
Adding File /home/jackh/github/herafengine/fft_2048ch_6a_core/ip_catalog/fft_2048ch_6a_core.srcs/sources_1/ip/fft_2048ch_6a_core_c_counter_binary_v12_0_0/fft_2048ch_6a_core_c_counter_binary_v12_0_0.xci
Adding File /home/jackh/github/herafengine/fft_2048ch_6a_core/ip_catalog/fft_2048ch_6a_core.srcs/sources_1/ip/fft_2048ch_6a_core_c_counter_binary_v12_0_1/fft_2048ch_6a_core_c_counter_binary_v12_0_1.xci
Adding File /home/jackh/github/herafengine/fft_2048ch_6a_core/ip_catalog/fft_2048ch_6a_core.srcs/sources_1/ip/fft_2048ch_6a_core_c_counter_binary_v12_0_10/fft_2048ch_6a_core_c_counter_binary_v12_0_10.xci
Adding File /home/jackh/github/herafengine/fft_2048ch_6a_core/ip_catalog/fft_2048ch_6a_core.srcs/sources_1/ip/fft_2048ch_6a_core_c_counter_binary_v12_0_11/fft_2048ch_6a_core_c_counter_binary_v12_0_11.xci
Adding File /home/jackh/github/herafengine/fft_2048ch_6a_core/ip_catalog/fft_2048ch_6a_core.srcs/sources_1/ip/fft_2048ch_6a_core_c_counter_binary_v12_0_12/fft_2048ch_6a_core_c_counter_binary_v12_0_12.xci
Adding File /home/jackh/github/herafengine/fft_2048ch_6a_core/ip_catalog/fft_2048ch_6a_core.srcs/sources_1/ip/fft_2048ch_6a_core_c_counter_binary_v12_0_13/fft_2048ch_6a_core_c_counter_binary_v12_0_13.xci
Adding File /home/jackh/github/herafengine/fft_2048ch_6a_core/ip_catalog/fft_2048ch_6a_core.srcs/sources_1/ip/fft_2048ch_6a_core_c_counter_binary_v12_0_14/fft_2048ch_6a_core_c_counter_binary_v12_0_14.xci
Adding File /home/jackh/github/herafengine/fft_2048ch_6a_core/ip_catalog/fft_2048ch_6a_core.srcs/sources_1/ip/fft_2048ch_6a_core_c_counter_binary_v12_0_15/fft_2048ch_6a_core_c_counter_binary_v12_0_15.xci
Adding File /home/jackh/github/herafengine/fft_2048ch_6a_core/ip_catalog/fft_2048ch_6a_core.srcs/sources_1/ip/fft_2048ch_6a_core_c_counter_binary_v12_0_16/fft_2048ch_6a_core_c_counter_binary_v12_0_16.xci
Adding File /home/jackh/github/herafengine/fft_2048ch_6a_core/ip_catalog/fft_2048ch_6a_core.srcs/sources_1/ip/fft_2048ch_6a_core_c_counter_binary_v12_0_17/fft_2048ch_6a_core_c_counter_binary_v12_0_17.xci
Adding File /home/jackh/github/herafengine/fft_2048ch_6a_core/ip_catalog/fft_2048ch_6a_core.srcs/sources_1/ip/fft_2048ch_6a_core_c_counter_binary_v12_0_18/fft_2048ch_6a_core_c_counter_binary_v12_0_18.xci
Adding File /home/jackh/github/herafengine/fft_2048ch_6a_core/ip_catalog/fft_2048ch_6a_core.srcs/sources_1/ip/fft_2048ch_6a_core_c_counter_binary_v12_0_19/fft_2048ch_6a_core_c_counter_binary_v12_0_19.xci
Adding File /home/jackh/github/herafengine/fft_2048ch_6a_core/ip_catalog/fft_2048ch_6a_core.srcs/sources_1/ip/fft_2048ch_6a_core_c_counter_binary_v12_0_2/fft_2048ch_6a_core_c_counter_binary_v12_0_2.xci
Adding File /home/jackh/github/herafengine/fft_2048ch_6a_core/ip_catalog/fft_2048ch_6a_core.srcs/sources_1/ip/fft_2048ch_6a_core_c_counter_binary_v12_0_3/fft_2048ch_6a_core_c_counter_binary_v12_0_3.xci
Adding File /home/jackh/github/herafengine/fft_2048ch_6a_core/ip_catalog/fft_2048ch_6a_core.srcs/sources_1/ip/fft_2048ch_6a_core_c_counter_binary_v12_0_4/fft_2048ch_6a_core_c_counter_binary_v12_0_4.xci
Adding File /home/jackh/github/herafengine/fft_2048ch_6a_core/ip_catalog/fft_2048ch_6a_core.srcs/sources_1/ip/fft_2048ch_6a_core_c_counter_binary_v12_0_5/fft_2048ch_6a_core_c_counter_binary_v12_0_5.xci
Adding File /home/jackh/github/herafengine/fft_2048ch_6a_core/ip_catalog/fft_2048ch_6a_core.srcs/sources_1/ip/fft_2048ch_6a_core_c_counter_binary_v12_0_6/fft_2048ch_6a_core_c_counter_binary_v12_0_6.xci
Adding File /home/jackh/github/herafengine/fft_2048ch_6a_core/ip_catalog/fft_2048ch_6a_core.srcs/sources_1/ip/fft_2048ch_6a_core_c_counter_binary_v12_0_7/fft_2048ch_6a_core_c_counter_binary_v12_0_7.xci
Adding File /home/jackh/github/herafengine/fft_2048ch_6a_core/ip_catalog/fft_2048ch_6a_core.srcs/sources_1/ip/fft_2048ch_6a_core_c_counter_binary_v12_0_8/fft_2048ch_6a_core_c_counter_binary_v12_0_8.xci
Adding File /home/jackh/github/herafengine/fft_2048ch_6a_core/ip_catalog/fft_2048ch_6a_core.srcs/sources_1/ip/fft_2048ch_6a_core_c_counter_binary_v12_0_9/fft_2048ch_6a_core_c_counter_binary_v12_0_9.xci
Adding File /home/jackh/github/herafengine/fft_2048ch_6a_core/ip_catalog/fft_2048ch_6a_core.srcs/sources_1/ip/fft_2048ch_6a_core_dist_mem_gen_v8_0_0/fft_2048ch_6a_core_dist_mem_gen_v8_0_0.xci
Adding File /home/jackh/github/herafengine/fft_2048ch_6a_core/ip_catalog/fft_2048ch_6a_core.srcs/sources_1/ip/fft_2048ch_6a_core_dist_mem_gen_v8_0_1/fft_2048ch_6a_core_dist_mem_gen_v8_0_1.xci
Adding File /home/jackh/github/herafengine/fft_2048ch_6a_core/ip_catalog/fft_2048ch_6a_core.srcs/sources_1/ip/fft_2048ch_6a_core_dist_mem_gen_v8_0_2/fft_2048ch_6a_core_dist_mem_gen_v8_0_2.xci
Adding File /home/jackh/github/herafengine/fft_2048ch_6a_core/sysgen/fft_2048ch_6a_core_clock.xdc
Adding File /home/jackh/github/herafengine/fft_2048ch_6a_core/sysgen/fft_2048ch_6a_core.xdc
Adding File /home/jackh/github/herafengine/fft_2048ch_6a_core/sysgen/fft_2048ch_6a_core_blk_mem_gen_v8_2_0_vivado.coe
Adding File /home/jackh/github/herafengine/fft_2048ch_6a_core/sysgen/fft_2048ch_6a_core_blk_mem_gen_v8_2_1_vivado.coe
Adding File /home/jackh/github/herafengine/fft_2048ch_6a_core/sysgen/fft_2048ch_6a_core_blk_mem_gen_v8_2_2_vivado.coe
Adding File /home/jackh/github/herafengine/fft_2048ch_6a_core/sysgen/fft_2048ch_6a_core_blk_mem_gen_v8_2_3_vivado.coe
Adding File /home/jackh/github/herafengine/fft_2048ch_6a_core/sysgen/fft_2048ch_6a_core_blk_mem_gen_v8_2_4_vivado.coe
Adding File /home/jackh/github/herafengine/fft_2048ch_6a_core/sysgen/fft_2048ch_6a_core_blk_mem_gen_v8_2_5_vivado.coe
Adding File /home/jackh/github/herafengine/fft_2048ch_6a_core/sysgen/fft_2048ch_6a_core_blk_mem_gen_v8_2_6_vivado.coe
Adding File /home/jackh/github/herafengine/fft_2048ch_6a_core/sysgen/fft_2048ch_6a_core_blk_mem_gen_v8_2_7_vivado.coe
Adding File /home/jackh/github/herafengine/fft_2048ch_6a_core/sysgen/fft_2048ch_6a_core_dist_mem_gen_v8_0_0_vivado.coe
Adding File /home/jackh/github/herafengine/fft_2048ch_6a_core/sysgen/fft_2048ch_6a_core_blk_mem_gen_v8_2_8_vivado.coe
Adding File /home/jackh/github/herafengine/fft_2048ch_6a_core/sysgen/fft_2048ch_6a_core_dist_mem_gen_v8_0_1_vivado.coe
Adding File /home/jackh/github/herafengine/fft_2048ch_6a_core/sysgen/fft_2048ch_6a_core_blk_mem_gen_v8_2_9_vivado.coe
Adding File /home/jackh/github/herafengine/fft_2048ch_6a_core/sysgen/fft_2048ch_6a_core_dist_mem_gen_v8_0_2_vivado.coe
Adding File /home/jackh/github/herafengine/fft_2048ch_6a_core/sysgen/fft_2048ch_6a_core_blk_mem_gen_v8_2_10_vivado.coe
Adding File /home/jackh/github/herafengine/fft_2048ch_6a_core/sysgen/fft_2048ch_6a_core_blk_mem_gen_v8_2_11_vivado.coe
Adding File /home/jackh/github/herafengine/fft_2048ch_6a_core/sysgen/fft_2048ch_6a_core_blk_mem_gen_v8_2_12_vivado.coe
Adding File /home/jackh/github/herafengine/fft_2048ch_6a_core/sysgen/fft_2048ch_6a_core_blk_mem_gen_v8_2_13_vivado.coe
Adding File /home/jackh/github/herafengine/fft_2048ch_6a_core/sysgen/fft_2048ch_6a_core_blk_mem_gen_v8_2_14_vivado.coe
Adding File /home/jackh/github/herafengine/fft_2048ch_6a_core/sysgen/fft_2048ch_6a_core_blk_mem_gen_v8_2_15_vivado.coe
Adding File /home/jackh/github/herafengine/fft_2048ch_6a_core/sysgen/fft_2048ch_6a_core_blk_mem_gen_v8_2_16_vivado.coe
Adding File /home/jackh/github/herafengine/fft_2048ch_6a_core/sysgen/fft_2048ch_6a_core_blk_mem_gen_v8_2_17_vivado.coe
Adding File /home/jackh/github/herafengine/fft_2048ch_6a_core/sysgen/fft_2048ch_6a_core_blk_mem_gen_v8_2_18_vivado.coe
ipx::import_top_level_hdl: Time (s): cpu = 00:00:09 ; elapsed = 00:00:09 . Memory (MB): peak = 1153.234 ; gain = 52.371 ; free physical = 25219 ; free virtual = 36538
ipx::add_model_parameters_from_hdl: Time (s): cpu = 00:00:09 ; elapsed = 00:00:09 . Memory (MB): peak = 1155.484 ; gain = 2.250 ; free physical = 25217 ; free virtual = 36535
INFO: [IP_Flow 19-1793] Cannot infer any bus interface that matches bus definition xilinx.com:interface:aximm:1.0.
INFO: [IP_Flow 19-1793] Cannot infer any bus interface that matches bus definition xilinx.com:interface:axis:1.0.
WARNING: [IP_Flow 19-3153] Bus Interface 'clk': ASSOCIATED_BUSIF bus parameter is missing.
INFO: [IP_Flow 19-2181] Payment Required is not set for this core.
INFO: [IP_Flow 19-2187] The Product Guide file is missing.
INFO: [IP_Flow 19-234] Refreshing IP repositories
INFO: [IP_Flow 19-1700] Loaded user IP repository '/home/jackh/github/herafengine/fft_2048ch_6a_core/ip'.
WARNING: [IP_Flow 19-3656] If you move the project, the path for repository '/home/jackh/github/herafengine/fft_2048ch_6a_core/ip' may become invalid. A better location for the repostory would be in a path adjacent to the project. (Current project location is '/home/jackh/github/herafengine/fft_2048ch_6a_core/ip_catalog'.)
Wrote  : </home/jackh/github/herafengine/fft_2048ch_6a_core/ip_catalog/fft_2048ch_6a_core.srcs/sources_1/bd/fft_2048ch_6a_core_bd/fft_2048ch_6a_core_bd.bd> 
WARNING: [BD 5-232] No interface pins matched 'get_bd_intf_pins /fft_2048ch_6a_core_1/*'
WARNING: [BD 5-232] No interface pins matched 'get_bd_intf_pins /fft_2048ch_6a_core_1/*'
WARNING: [BD 5-232] No interface pins matched 'get_bd_intf_pins /fft_2048ch_6a_core_1/*'
Wrote  : </home/jackh/github/herafengine/fft_2048ch_6a_core/ip_catalog/fft_2048ch_6a_core.srcs/sources_1/bd/fft_2048ch_6a_core_bd/fft_2048ch_6a_core_bd.bd> 
INFO: [Common 17-206] Exiting Vivado at Fri Aug 21 16:58:27 2015...
